Determining if the pthread_create exist failed with the following output:
Change Dir: /home/sargarass/Cycles/geopattern/cmake-build-debug/CMakeFiles/CMakeTmp

Run Build Command:"/usr/bin/gmake" "cmTC_54efc/fast"
/usr/bin/gmake -f CMakeFiles/cmTC_54efc.dir/build.make CMakeFiles/cmTC_54efc.dir/build
gmake[1]: вход в каталог «/home/sargarass/Cycles/geopattern/cmake-build-debug/CMakeFiles/CMakeTmp»
Building C object CMakeFiles/cmTC_54efc.dir/CheckSymbolExists.c.o
/usr/bin/cc    -o CMakeFiles/cmTC_54efc.dir/CheckSymbolExists.c.o   -c /home/sargarass/Cycles/geopattern/cmake-build-debug/CMakeFiles/CMakeTmp/CheckSymbolExists.c
Linking C executable cmTC_54efc
/home/sargarass/Programs/clion-2019.1/bin/cmake/linux/bin/cmake -E cmake_link_script CMakeFiles/cmTC_54efc.dir/link.txt --verbose=1
/usr/bin/cc      -rdynamic CMakeFiles/cmTC_54efc.dir/CheckSymbolExists.c.o  -o cmTC_54efc 
CMakeFiles/cmTC_54efc.dir/CheckSymbolExists.c.o: In function `main':
CheckSymbolExists.c:(.text+0x1b): undefined reference to `pthread_create'
collect2: ошибка: выполнение ld завершилось с кодом возврата 1
gmake[1]: *** [CMakeFiles/cmTC_54efc.dir/build.make:87: cmTC_54efc] Ошибка 1
gmake[1]: выход из каталога «/home/sargarass/Cycles/geopattern/cmake-build-debug/CMakeFiles/CMakeTmp»
gmake: *** [Makefile:121: cmTC_54efc/fast] Ошибка 2

File /home/sargarass/Cycles/geopattern/cmake-build-debug/CMakeFiles/CMakeTmp/CheckSymbolExists.c:
/* */
#include <pthread.h>

int main(int argc, char** argv)
{
  (void)argv;
#ifndef pthread_create
  return ((int*)(&pthread_create))[argc];
#else
  (void)argc;
  return 0;
#endif
}

Determining if the function pthread_create exists in the pthreads failed with the following output:
Change Dir: /home/sargarass/Cycles/geopattern/cmake-build-debug/CMakeFiles/CMakeTmp

Run Build Command:"/usr/bin/gmake" "cmTC_62197/fast"
/usr/bin/gmake -f CMakeFiles/cmTC_62197.dir/build.make CMakeFiles/cmTC_62197.dir/build
gmake[1]: вход в каталог «/home/sargarass/Cycles/geopattern/cmake-build-debug/CMakeFiles/CMakeTmp»
Building C object CMakeFiles/cmTC_62197.dir/CheckFunctionExists.c.o
/usr/bin/cc   -DCHECK_FUNCTION_EXISTS=pthread_create   -o CMakeFiles/cmTC_62197.dir/CheckFunctionExists.c.o   -c /home/sargarass/Programs/clion-2019.1/bin/cmake/linux/share/cmake-3.13/Modules/CheckFunctionExists.c
Linking C executable cmTC_62197
/home/sargarass/Programs/clion-2019.1/bin/cmake/linux/bin/cmake -E cmake_link_script CMakeFiles/cmTC_62197.dir/link.txt --verbose=1
/usr/bin/cc  -DCHECK_FUNCTION_EXISTS=pthread_create    -rdynamic CMakeFiles/cmTC_62197.dir/CheckFunctionExists.c.o  -o cmTC_62197 -lpthreads 
/usr/lib/gcc/x86_64-pc-linux-gnu/7.4.0/../../../../x86_64-pc-linux-gnu/bin/ld: cannot find -lpthreads
collect2: ошибка: выполнение ld завершилось с кодом возврата 1
gmake[1]: *** [CMakeFiles/cmTC_62197.dir/build.make:87: cmTC_62197] Ошибка 1
gmake[1]: выход из каталога «/home/sargarass/Cycles/geopattern/cmake-build-debug/CMakeFiles/CMakeTmp»
gmake: *** [Makefile:121: cmTC_62197/fast] Ошибка 2


